{"E:\\The-Salty-Devs\\server\\src\\utils\\db.config.ts": {"path":"E:\\The-Salty-Devs\\server\\src\\utils\\db.config.ts","statementMap":{"0":{"start":{"line":1,"column":0},"end":{"line":1,"column":46}},"1":{"start":{"line":8,"column":15},"end":{"line":8,"column":46}},"2":{"start":{"line":10,"column":0},"end":{"line":17,"column":1}},"3":{"start":{"line":11,"column":4},"end":{"line":16,"column":20}},"4":{"start":{"line":19,"column":0},"end":{"line":19,"column":17}}},"fnMap":{},"branchMap":{"0":{"loc":{"start":{"line":10,"column":0},"end":{"line":17,"column":1}},"type":"if","locations":[{"start":{"line":10,"column":0},"end":{"line":17,"column":1}},{"start":{},"end":{}}]},"1":{"loc":{"start":{"line":13,"column":11},"end":{"line":13,"column":76}},"type":"cond-expr","locations":[{"start":{"line":13,"column":20},"end":{"line":13,"column":49}},{"start":{"line":13,"column":52},"end":{"line":13,"column":76}}]}},"s":{"0":1,"1":1,"2":1,"3":1,"4":1},"f":{},"b":{"0":[1,0],"1":[1,0]}}
}
