{"E:\\The-Salty-Devs\\server\\src\\api\\Category\\category.services.ts": {"path":"E:\\The-Salty-Devs\\server\\src\\api\\Category\\category.services.ts","statementMap":{"0":{"start":{"line":1,"column":0},"end":{"line":1,"column":41}},"1":{"start":{"line":14,"column":29},"end":{"line":38,"column":1}},"2":{"start":{"line":15,"column":2},"end":{"line":37,"column":5}},"3":{"start":{"line":14,"column":13},"end":{"line":14,"column":29}},"4":{"start":{"line":40,"column":27},"end":{"line":64,"column":1}},"5":{"start":{"line":41,"column":2},"end":{"line":63,"column":5}},"6":{"start":{"line":40,"column":13},"end":{"line":40,"column":27}},"7":{"start":{"line":66,"column":27},"end":{"line":96,"column":1}},"8":{"start":{"line":69,"column":19},"end":{"line":69,"column":27}},"9":{"start":{"line":71,"column":2},"end":{"line":95,"column":5}},"10":{"start":{"line":66,"column":13},"end":{"line":66,"column":27}},"11":{"start":{"line":98,"column":28},"end":{"line":132,"column":1}},"12":{"start":{"line":102,"column":19},"end":{"line":102,"column":27}},"13":{"start":{"line":104,"column":2},"end":{"line":131,"column":5}},"14":{"start":{"line":98,"column":13},"end":{"line":98,"column":28}},"15":{"start":{"line":134,"column":30},"end":{"line":138,"column":1}},"16":{"start":{"line":135,"column":2},"end":{"line":137,"column":5}},"17":{"start":{"line":134,"column":13},"end":{"line":134,"column":30}}},"fnMap":{"0":{"name":"(anonymous_0)","decl":{"start":{"line":14,"column":29},"end":{"line":14,"column":34}},"loc":{"start":{"line":14,"column":65},"end":{"line":38,"column":1}}},"1":{"name":"(anonymous_1)","decl":{"start":{"line":40,"column":27},"end":{"line":40,"column":32}},"loc":{"start":{"line":40,"column":78},"end":{"line":64,"column":1}}},"2":{"name":"(anonymous_2)","decl":{"start":{"line":66,"column":27},"end":{"line":66,"column":32}},"loc":{"start":{"line":68,"column":27},"end":{"line":96,"column":1}}},"3":{"name":"(anonymous_3)","decl":{"start":{"line":98,"column":28},"end":{"line":98,"column":33}},"loc":{"start":{"line":101,"column":27},"end":{"line":132,"column":1}}},"4":{"name":"(anonymous_4)","decl":{"start":{"line":134,"column":30},"end":{"line":134,"column":35}},"loc":{"start":{"line":134,"column":66},"end":{"line":138,"column":1}}}},"branchMap":{},"s":{"0":1,"1":1,"2":1,"3":1,"4":1,"5":1,"6":1,"7":1,"8":4,"9":4,"10":1,"11":1,"12":1,"13":1,"14":1,"15":1,"16":1,"17":1},"f":{"0":1,"1":1,"2":4,"3":1,"4":1},"b":{}}
,"E:\\The-Salty-Devs\\server\\src\\api\\User\\user.services.ts": {"path":"E:\\The-Salty-Devs\\server\\src\\api\\User\\user.services.ts","statementMap":{"0":{"start":{"line":1,"column":0},"end":{"line":1,"column":41}},"1":{"start":{"line":2,"column":0},"end":{"line":2,"column":46}},"2":{"start":{"line":3,"column":0},"end":{"line":3,"column":60}},"3":{"start":{"line":4,"column":0},"end":{"line":4,"column":28}},"4":{"start":{"line":5,"column":0},"end":{"line":5,"column":31}},"5":{"start":{"line":12,"column":0},"end":{"line":12,"column":42}},"6":{"start":{"line":37,"column":26},"end":{"line":50,"column":1}},"7":{"start":{"line":38,"column":2},"end":{"line":49,"column":5}},"8":{"start":{"line":37,"column":13},"end":{"line":37,"column":26}},"9":{"start":{"line":52,"column":25},"end":{"line":63,"column":1}},"10":{"start":{"line":53,"column":2},"end":{"line":62,"column":5}},"11":{"start":{"line":52,"column":13},"end":{"line":52,"column":25}},"12":{"start":{"line":65,"column":26},"end":{"line":88,"column":1}},"13":{"start":{"line":66,"column":41},"end":{"line":66,"column":45}},"14":{"start":{"line":67,"column":19},"end":{"line":71,"column":4}},"15":{"start":{"line":73,"column":2},"end":{"line":76,"column":3}},"16":{"start":{"line":74,"column":4},"end":{"line":74,"column":74}},"17":{"start":{"line":78,"column":25},"end":{"line":78,"column":56}},"18":{"start":{"line":80,"column":2},"end":{"line":87,"column":5}},"19":{"start":{"line":65,"column":13},"end":{"line":65,"column":26}},"20":{"start":{"line":90,"column":26},"end":{"line":137,"column":1}},"21":{"start":{"line":93,"column":30},"end":{"line":93,"column":34}},"22":{"start":{"line":94,"column":19},"end":{"line":98,"column":4}},"23":{"start":{"line":100,"column":2},"end":{"line":102,"column":3}},"24":{"start":{"line":101,"column":4},"end":{"line":101,"column":73}},"25":{"start":{"line":104,"column":27},"end":{"line":104,"column":76}},"26":{"start":{"line":106,"column":2},"end":{"line":111,"column":3}},"27":{"start":{"line":107,"column":4},"end":{"line":110,"column":6}},"28":{"start":{"line":113,"column":30},"end":{"line":117,"column":4}},"29":{"start":{"line":119,"column":16},"end":{"line":121,"column":4}},"30":{"start":{"line":122,"column":23},"end":{"line":124,"column":4}},"31":{"start":{"line":126,"column":2},"end":{"line":136,"column":4}},"32":{"start":{"line":90,"column":13},"end":{"line":90,"column":26}},"33":{"start":{"line":139,"column":26},"end":{"line":155,"column":1}},"34":{"start":{"line":143,"column":31},"end":{"line":143,"column":35}},"35":{"start":{"line":145,"column":2},"end":{"line":154,"column":5}},"36":{"start":{"line":139,"column":13},"end":{"line":139,"column":26}},"37":{"start":{"line":157,"column":34},"end":{"line":186,"column":1}},"38":{"start":{"line":162,"column":15},"end":{"line":164,"column":4}},"39":{"start":{"line":166,"column":2},"end":{"line":168,"column":3}},"40":{"start":{"line":167,"column":4},"end":{"line":167,"column":68}},"41":{"start":{"line":170,"column":33},"end":{"line":172,"column":null}},"42":{"start":{"line":174,"column":2},"end":{"line":179,"column":3}},"43":{"start":{"line":175,"column":4},"end":{"line":178,"column":6}},"44":{"start":{"line":181,"column":28},"end":{"line":181,"column":62}},"45":{"start":{"line":182,"column":2},"end":{"line":185,"column":5}},"46":{"start":{"line":157,"column":13},"end":{"line":157,"column":34}},"47":{"start":{"line":188,"column":26},"end":{"line":192,"column":1}},"48":{"start":{"line":189,"column":2},"end":{"line":191,"column":5}},"49":{"start":{"line":188,"column":13},"end":{"line":188,"column":26}}},"fnMap":{"0":{"name":"(anonymous_1)","decl":{"start":{"line":37,"column":26},"end":{"line":37,"column":31}},"loc":{"start":{"line":37,"column":62},"end":{"line":50,"column":1}}},"1":{"name":"(anonymous_2)","decl":{"start":{"line":52,"column":25},"end":{"line":52,"column":30}},"loc":{"start":{"line":52,"column":76},"end":{"line":63,"column":1}}},"2":{"name":"(anonymous_3)","decl":{"start":{"line":65,"column":26},"end":{"line":65,"column":31}},"loc":{"start":{"line":65,"column":75},"end":{"line":88,"column":1}}},"3":{"name":"(anonymous_4)","decl":{"start":{"line":90,"column":26},"end":{"line":90,"column":31}},"loc":{"start":{"line":92,"column":74},"end":{"line":137,"column":1}}},"4":{"name":"(anonymous_5)","decl":{"start":{"line":139,"column":26},"end":{"line":139,"column":31}},"loc":{"start":{"line":142,"column":19},"end":{"line":155,"column":1}}},"5":{"name":"(anonymous_6)","decl":{"start":{"line":157,"column":34},"end":{"line":157,"column":39}},"loc":{"start":{"line":161,"column":19},"end":{"line":186,"column":1}}},"6":{"name":"(anonymous_7)","decl":{"start":{"line":188,"column":26},"end":{"line":188,"column":31}},"loc":{"start":{"line":188,"column":62},"end":{"line":192,"column":1}}}},"branchMap":{"0":{"loc":{"start":{"line":73,"column":2},"end":{"line":76,"column":3}},"type":"if","locations":[{"start":{"line":73,"column":2},"end":{"line":76,"column":3}},{"start":{},"end":{}}]},"1":{"loc":{"start":{"line":100,"column":2},"end":{"line":102,"column":3}},"type":"if","locations":[{"start":{"line":100,"column":2},"end":{"line":102,"column":3}},{"start":{},"end":{}}]},"2":{"loc":{"start":{"line":106,"column":2},"end":{"line":111,"column":3}},"type":"if","locations":[{"start":{"line":106,"column":2},"end":{"line":111,"column":3}},{"start":{},"end":{}}]},"3":{"loc":{"start":{"line":166,"column":2},"end":{"line":168,"column":3}},"type":"if","locations":[{"start":{"line":166,"column":2},"end":{"line":168,"column":3}},{"start":{},"end":{}}]},"4":{"loc":{"start":{"line":174,"column":2},"end":{"line":179,"column":3}},"type":"if","locations":[{"start":{"line":174,"column":2},"end":{"line":179,"column":3}},{"start":{},"end":{}}]}},"s":{"0":1,"1":1,"2":1,"3":1,"4":1,"5":1,"6":1,"7":3,"8":1,"9":1,"10":2,"11":1,"12":1,"13":2,"14":2,"15":2,"16":1,"17":1,"18":1,"19":1,"20":1,"21":3,"22":3,"23":3,"24":1,"25":2,"26":2,"27":1,"28":1,"29":1,"30":1,"31":1,"32":1,"33":1,"34":2,"35":2,"36":1,"37":1,"38":3,"39":3,"40":1,"41":2,"42":2,"43":1,"44":1,"45":1,"46":1,"47":1,"48":1,"49":1},"f":{"0":3,"1":2,"2":2,"3":3,"4":2,"5":3,"6":1},"b":{"0":[1,1],"1":[1,2],"2":[1,1],"3":[1,2],"4":[1,1]}}
,"E:\\The-Salty-Devs\\server\\src\\constants\\config.ts": {"path":"E:\\The-Salty-Devs\\server\\src\\constants\\config.ts","statementMap":{"0":{"start":{"line":1,"column":0},"end":{"line":1,"column":24}},"1":{"start":{"line":2,"column":0},"end":{"line":2,"column":52}},"2":{"start":{"line":4,"column":18},"end":{"line":11,"column":2}},"3":{"start":{"line":15,"column":0},"end":{"line":29,"column":1}},"4":{"start":{"line":16,"column":2},"end":{"line":16,"column":40}},"5":{"start":{"line":18,"column":2},"end":{"line":27,"column":3}},"6":{"start":{"line":19,"column":27},"end":{"line":23,"column":6}},"7":{"start":{"line":24,"column":4},"end":{"line":24,"column":42}},"8":{"start":{"line":26,"column":4},"end":{"line":26,"column":87}},"9":{"start":{"line":28,"column":2},"end":{"line":28,"column":18}},"10":{"start":{"line":31,"column":0},"end":{"line":31,"column":22}}},"fnMap":{},"branchMap":{"0":{"loc":{"start":{"line":18,"column":2},"end":{"line":27,"column":3}},"type":"if","locations":[{"start":{"line":18,"column":2},"end":{"line":27,"column":3}},{"start":{"line":25,"column":9},"end":{"line":27,"column":3}}]}},"s":{"0":1,"1":1,"2":1,"3":1,"4":1,"5":0,"6":0,"7":0,"8":0,"9":0,"10":1},"f":{},"b":{"0":[0,0]}}
,"E:\\The-Salty-Devs\\server\\src\\utils\\appError.ts": {"path":"E:\\The-Salty-Devs\\server\\src\\utils\\appError.ts","statementMap":{"0":{"start":{"line":6,"column":4},"end":{"line":6,"column":19}},"1":{"start":{"line":7,"column":4},"end":{"line":7,"column":33}},"2":{"start":{"line":8,"column":4},"end":{"line":8,"column":27}},"3":{"start":{"line":9,"column":4},"end":{"line":9,"column":26}},"4":{"start":{"line":10,"column":4},"end":{"line":10,"column":52}},"5":{"start":{"line":3,"column":0},"end":{"line":3,"column":13}}},"fnMap":{"0":{"name":"(anonymous_0)","decl":{"start":{"line":5,"column":2},"end":{"line":5,"column":14}},"loc":{"start":{"line":5,"column":58},"end":{"line":11,"column":3}}}},"branchMap":{},"s":{"0":5,"1":5,"2":5,"3":5,"4":5,"5":1},"f":{"0":5},"b":{}}
,"E:\\The-Salty-Devs\\server\\src\\utils\\db.config.ts": {"path":"E:\\The-Salty-Devs\\server\\src\\utils\\db.config.ts","statementMap":{"0":{"start":{"line":1,"column":0},"end":{"line":1,"column":46}},"1":{"start":{"line":9,"column":0},"end":{"line":16,"column":1}},"2":{"start":{"line":10,"column":4},"end":{"line":15,"column":20}},"3":{"start":{"line":18,"column":0},"end":{"line":18,"column":17}}},"fnMap":{},"branchMap":{"0":{"loc":{"start":{"line":9,"column":0},"end":{"line":16,"column":1}},"type":"if","locations":[{"start":{"line":9,"column":0},"end":{"line":16,"column":1}},{"start":{},"end":{}}]}},"s":{"0":2,"1":2,"2":2,"3":2},"f":{},"b":{"0":[2,0]}}
,"E:\\The-Salty-Devs\\server\\src\\utils\\httpStatusCodes.ts": {"path":"E:\\The-Salty-Devs\\server\\src\\utils\\httpStatusCodes.ts","statementMap":{"0":{"start":{"line":1,"column":0},"end":{"line":1,"column":null}},"1":{"start":{"line":2,"column":2},"end":{"line":2,"column":null}},"2":{"start":{"line":3,"column":2},"end":{"line":3,"column":null}},"3":{"start":{"line":4,"column":2},"end":{"line":4,"column":null}},"4":{"start":{"line":5,"column":2},"end":{"line":5,"column":null}},"5":{"start":{"line":6,"column":2},"end":{"line":6,"column":null}},"6":{"start":{"line":7,"column":2},"end":{"line":7,"column":null}},"7":{"start":{"line":8,"column":2},"end":{"line":8,"column":null}},"8":{"start":{"line":9,"column":2},"end":{"line":9,"column":null}},"9":{"start":{"line":10,"column":2},"end":{"line":10,"column":null}}},"fnMap":{"0":{"name":"(anonymous_0)","decl":{"start":{"line":1,"column":0},"end":{"line":1,"column":12}},"loc":{"start":{"line":1,"column":27},"end":{"line":11,"column":1}}}},"branchMap":{"0":{"loc":{"start":{"line":1,"column":12},"end":{"line":1,"column":null}},"type":"binary-expr","locations":[{"start":{"line":1,"column":12},"end":{"line":1,"column":27}},{"start":{"line":1,"column":27},"end":{"line":1,"column":null}}]}},"s":{"0":1,"1":1,"2":1,"3":1,"4":1,"5":1,"6":1,"7":1,"8":1,"9":1},"f":{"0":1},"b":{"0":[1,1]}}
}
