TN:
SF:src\api\Category\category.services.ts
FN:14,(anonymous_0)
FN:40,(anonymous_1)
FN:66,(anonymous_2)
FN:98,(anonymous_3)
FN:134,(anonymous_4)
FNF:5
FNH:5
FNDA:1,(anonymous_0)
FNDA:1,(anonymous_1)
FNDA:4,(anonymous_2)
FNDA:1,(anonymous_3)
FNDA:1,(anonymous_4)
DA:1,1
DA:14,1
DA:15,1
DA:40,1
DA:41,1
DA:66,1
DA:69,4
DA:71,4
DA:98,1
DA:102,1
DA:104,1
DA:134,1
DA:135,1
LF:13
LH:13
BRF:0
BRH:0
end_of_record
TN:
SF:src\api\User\user.services.ts
FN:37,(anonymous_1)
FN:52,(anonymous_2)
FN:65,(anonymous_3)
FN:90,(anonymous_4)
FN:139,(anonymous_5)
FN:157,(anonymous_6)
FN:188,(anonymous_7)
FNF:7
FNH:7
FNDA:3,(anonymous_1)
FNDA:2,(anonymous_2)
FNDA:2,(anonymous_3)
FNDA:3,(anonymous_4)
FNDA:2,(anonymous_5)
FNDA:3,(anonymous_6)
FNDA:1,(anonymous_7)
DA:1,1
DA:2,1
DA:3,1
DA:4,1
DA:5,1
DA:12,1
DA:37,1
DA:38,3
DA:52,1
DA:53,2
DA:65,1
DA:66,2
DA:67,2
DA:73,2
DA:74,1
DA:78,1
DA:80,1
DA:90,1
DA:93,3
DA:94,3
DA:100,3
DA:101,1
DA:104,2
DA:106,2
DA:107,1
DA:113,1
DA:119,1
DA:122,1
DA:126,1
DA:139,1
DA:143,2
DA:145,2
DA:157,1
DA:162,3
DA:166,3
DA:167,1
DA:170,2
DA:174,2
DA:175,1
DA:181,1
DA:182,1
DA:188,1
DA:189,1
LF:43
LH:43
BRDA:73,0,0,1
BRDA:73,0,1,1
BRDA:100,1,0,1
BRDA:100,1,1,2
BRDA:106,2,0,1
BRDA:106,2,1,1
BRDA:166,3,0,1
BRDA:166,3,1,2
BRDA:174,4,0,1
BRDA:174,4,1,1
BRF:10
BRH:10
end_of_record
TN:
SF:src\constants\config.ts
FNF:0
FNH:0
DA:1,1
DA:2,1
DA:4,1
DA:15,1
DA:16,1
DA:18,0
DA:19,0
DA:24,0
DA:26,0
DA:28,0
DA:31,1
LF:11
LH:6
BRDA:18,0,0,0
BRDA:18,0,1,0
BRF:2
BRH:0
end_of_record
TN:
SF:src\utils\appError.ts
FN:5,(anonymous_0)
FNF:1
FNH:1
FNDA:5,(anonymous_0)
DA:3,1
DA:6,5
DA:7,5
DA:8,5
DA:9,5
DA:10,5
LF:6
LH:6
BRF:0
BRH:0
end_of_record
TN:
SF:src\utils\db.config.ts
FNF:0
FNH:0
DA:1,2
DA:9,2
DA:10,2
DA:18,2
LF:4
LH:4
BRDA:9,0,0,2
BRDA:9,0,1,0
BRF:2
BRH:1
end_of_record
TN:
SF:src\utils\httpStatusCodes.ts
FN:1,(anonymous_0)
FNF:1
FNH:1
FNDA:1,(anonymous_0)
DA:1,1
DA:2,1
DA:3,1
DA:4,1
DA:5,1
DA:6,1
DA:7,1
DA:8,1
DA:9,1
DA:10,1
LF:10
LH:10
BRDA:1,0,0,1
BRDA:1,0,1,1
BRF:2
BRH:2
end_of_record
