TN:
SF:src\api\Category\category.services.ts
FN:14,(anonymous_0)
FN:41,(anonymous_1)
FN:68,(anonymous_2)
FN:101,(anonymous_3)
FN:138,(anonymous_4)
FNF:5
FNH:5
FNDA:1,(anonymous_0)
FNDA:1,(anonymous_1)
FNDA:4,(anonymous_2)
FNDA:1,(anonymous_3)
FNDA:1,(anonymous_4)
DA:1,1
DA:14,1
DA:15,1
DA:41,1
DA:42,1
DA:68,1
DA:71,4
DA:73,4
DA:101,1
DA:105,1
DA:107,1
DA:138,1
DA:139,1
LF:13
LH:13
BRF:0
BRH:0
end_of_record
TN:
SF:src\api\Comments\comments.services.ts
FN:42,(anonymous_0)
FN:74,(anonymous_1)
FN:79,(anonymous_2)
FN:99,(anonymous_3)
FN:134,(anonymous_4)
FN:165,(anonymous_5)
FNF:6
FNH:6
FNDA:1,(anonymous_0)
FNDA:1,(anonymous_1)
FNDA:2,(anonymous_2)
FNDA:7,(anonymous_3)
FNDA:1,(anonymous_4)
FNDA:1,(anonymous_5)
DA:1,1
DA:4,1
DA:5,1
DA:42,1
DA:43,1
DA:67,1
DA:68,1
DA:74,1
DA:75,1
DA:79,1
DA:82,2
DA:99,1
DA:102,7
DA:104,7
DA:105,3
DA:110,4
DA:112,4
DA:134,1
DA:139,1
DA:141,1
DA:165,1
DA:169,1
LF:22
LH:22
BRDA:104,0,0,3
BRDA:104,0,1,4
BRDA:104,1,0,7
BRDA:104,1,1,6
BRDA:104,1,2,5
BRDA:110,2,0,4
BRDA:110,2,1,0
BRF:7
BRH:6
end_of_record
TN:
SF:src\api\Post\post.services.ts
FN:11,(anonymous_9)
FN:95,(anonymous_10)
FN:152,(anonymous_11)
FN:157,(anonymous_12)
FN:189,(anonymous_13)
FN:241,(anonymous_14)
FN:299,(anonymous_15)
FN:364,(anonymous_16)
FNF:8
FNH:8
FNDA:2,(anonymous_9)
FNDA:1,(anonymous_10)
FNDA:1,(anonymous_11)
FNDA:3,(anonymous_12)
FNDA:3,(anonymous_13)
FNDA:2,(anonymous_14)
FNDA:3,(anonymous_15)
FNDA:1,(anonymous_16)
DA:1,1
DA:3,1
DA:4,1
DA:6,1
DA:9,1
DA:11,1
DA:15,2
DA:16,2
DA:18,2
DA:20,2
DA:23,2
DA:24,1
DA:27,2
DA:32,2
DA:33,2
DA:37,0
DA:38,0
DA:95,1
DA:101,1
DA:145,1
DA:146,1
DA:152,1
DA:153,1
DA:157,1
DA:161,3
DA:170,3
DA:171,2
DA:178,2
DA:189,1
DA:193,3
DA:230,3
DA:231,0
DA:234,3
DA:235,3
DA:238,3
DA:241,1
DA:251,2
DA:253,2
DA:254,1
DA:260,1
DA:266,1
DA:268,1
DA:299,1
DA:304,3
DA:306,3
DA:311,3
DA:312,1
DA:315,2
DA:317,2
DA:318,1
DA:324,1
DA:326,1
DA:327,1
DA:328,1
DA:331,1
DA:364,1
DA:366,1
DA:371,1
LF:58
LH:55
BRDA:9,0,0,1
BRDA:9,0,1,0
BRDA:23,1,0,1
BRDA:23,1,1,1
BRDA:32,2,0,2
BRDA:32,2,1,0
BRDA:170,3,0,2
BRDA:170,3,1,1
BRDA:230,4,0,0
BRDA:230,4,1,3
BRDA:234,5,0,3
BRDA:234,5,1,0
BRDA:253,6,0,1
BRDA:253,6,1,1
BRDA:253,7,0,2
BRDA:253,7,1,1
BRDA:253,7,2,1
BRDA:311,8,0,1
BRDA:311,8,1,2
BRDA:317,9,0,1
BRDA:317,9,1,1
BRDA:326,10,0,1
BRDA:326,10,1,0
BRDA:326,11,0,1
BRDA:326,11,1,1
BRDA:341,12,0,1
BRDA:341,12,1,1
BRDA:341,12,2,1
BRF:28
BRH:23
end_of_record
TN:
SF:src\api\User\user.services.ts
FN:37,(anonymous_1)
FN:52,(anonymous_2)
FN:65,(anonymous_3)
FN:90,(anonymous_4)
FN:140,(anonymous_5)
FN:158,(anonymous_6)
FN:189,(anonymous_7)
FNF:7
FNH:7
FNDA:3,(anonymous_1)
FNDA:2,(anonymous_2)
FNDA:2,(anonymous_3)
FNDA:3,(anonymous_4)
FNDA:2,(anonymous_5)
FNDA:3,(anonymous_6)
FNDA:1,(anonymous_7)
DA:1,1
DA:2,1
DA:3,1
DA:4,1
DA:5,1
DA:12,1
DA:37,1
DA:38,3
DA:52,1
DA:53,2
DA:65,1
DA:66,2
DA:67,2
DA:73,2
DA:74,1
DA:78,1
DA:80,1
DA:90,1
DA:93,3
DA:94,3
DA:100,3
DA:101,1
DA:104,2
DA:106,2
DA:107,1
DA:113,1
DA:119,1
DA:122,1
DA:127,1
DA:140,1
DA:144,2
DA:146,2
DA:158,1
DA:163,3
DA:167,3
DA:168,1
DA:171,2
DA:175,2
DA:176,1
DA:182,1
DA:183,1
DA:189,1
DA:190,1
LF:43
LH:43
BRDA:73,0,0,1
BRDA:73,0,1,1
BRDA:100,1,0,1
BRDA:100,1,1,2
BRDA:106,2,0,1
BRDA:106,2,1,1
BRDA:167,3,0,1
BRDA:167,3,1,2
BRDA:175,4,0,1
BRDA:175,4,1,1
BRF:10
BRH:10
end_of_record
TN:
SF:src\constants\config.ts
FNF:0
FNH:0
DA:1,1
DA:2,1
DA:4,1
DA:15,1
DA:16,1
DA:18,0
DA:19,0
DA:24,0
DA:26,0
DA:28,0
DA:31,1
LF:11
LH:6
BRDA:18,0,0,0
BRDA:18,0,1,0
BRF:2
BRH:0
end_of_record
TN:
SF:src\utils\appError.ts
FN:5,(anonymous_0)
FNF:1
FNH:1
FNDA:11,(anonymous_0)
DA:3,3
DA:6,11
DA:7,11
DA:8,11
DA:9,11
DA:10,11
LF:6
LH:6
BRF:0
BRH:0
end_of_record
TN:
SF:src\utils\db.config.ts
FNF:0
FNH:0
DA:1,4
DA:9,4
DA:10,4
DA:18,4
LF:4
LH:4
BRDA:9,0,0,4
BRDA:9,0,1,0
BRF:2
BRH:1
end_of_record
TN:
SF:src\utils\httpStatusCodes.ts
FN:1,(anonymous_0)
FNF:1
FNH:1
FNDA:3,(anonymous_0)
DA:1,3
DA:2,3
DA:3,3
DA:4,3
DA:5,3
DA:6,3
DA:7,3
DA:8,3
DA:9,3
DA:10,3
LF:10
LH:10
BRDA:1,0,0,3
BRDA:1,0,1,3
BRF:2
BRH:2
end_of_record
